<?xml version="1.0" encoding="UTF-8"?>
<!-- Generated by org.testng.reporters.JUnitReportReporter -->
<testsuite hostname="badabeeddccbcbefdcfaaddfdffcedbecadf-0" failures="0" tests="3" name="testcases.Testcase1" time="73.948" errors="0" timestamp="2023-09-01T05:58:05 UTC" skipped="0">
  <testcase classname="testcases.Testcase1" name="Tc001" time="26.393"/>
  <testcase classname="testcases.Testcase1" name="Tc002" time="26.512"/>
  <testcase classname="testcases.Testcase1" name="Tc003" time="21.043"/>
</testsuite> <!-- testcases.Testcase1 -->
