<?xml version="1.0" encoding="UTF-8"?>
<!-- Generated by org.testng.reporters.JUnitReportReporter -->
<testsuite hostname="badabeeddccbcbefdcfaaddfdffcedbecadf-0" failures="0" tests="1" name="testcases.Testcase1" time="12.429" errors="0" timestamp="2023-09-01T06:49:19 UTC" skipped="0">
  <testcase classname="testcases.Testcase1" name="Tc002" time="12.429"/>
</testsuite> <!-- testcases.Testcase1 -->
