<?xml version="1.0" encoding="UTF-8"?>
<!-- Generated by org.testng.reporters.JUnitReportReporter -->
<testsuite hostname="badabeeddccbcbefdcfaaddfdffcedbecadf-0" failures="0" tests="2" name="testcases.Testcase1" time="37.307" errors="0" timestamp="2023-09-01T14:05:57 UTC" skipped="0">
  <testcase classname="testcases.Testcase1" name="Tc001" time="25.923"/>
  <testcase classname="testcases.Testcase1" name="Tc002" time="11.384"/>
</testsuite> <!-- testcases.Testcase1 -->
