<?xml version="1.0" encoding="UTF-8"?>
<!-- Generated by org.testng.reporters.JUnitReportReporter -->
<testsuite hostname="badabeeddccbcbefdcfaaddfdffcedbecadf-0" failures="0" tests="2" name="testcases.Testcase1" time="50.272" errors="0" timestamp="2023-09-01T06:06:02 UTC" skipped="0">
  <testcase classname="testcases.Testcase1" name="Tc001" time="26.502"/>
  <testcase classname="testcases.Testcase1" name="Tc002" time="23.770"/>
</testsuite> <!-- testcases.Testcase1 -->
