<?xml version="1.0" encoding="UTF-8"?>
<!-- Generated by org.testng.reporters.JUnitReportReporter -->
<testsuite hostname="badabeeddccbcbefdcfaaddfdffcedbecadf-0" failures="0" tests="3" name="testcases.Testcase1" time="65.064" errors="0" timestamp="2023-09-01T08:09:44 UTC" skipped="0">
  <testcase classname="testcases.Testcase1" name="Tc001" time="26.665"/>
  <testcase classname="testcases.Testcase1" name="Tc002" time="19.553"/>
  <testcase classname="testcases.Testcase1" name="Tc003" time="18.846"/>
</testsuite> <!-- testcases.Testcase1 -->
